<?xml version="1.0" encoding="UTF-8"?>
<testsuite xmlns:xsi="http://www.w3.org/2001/XMLSchema-instance" xsi:noNamespaceSchemaLocation="https://maven.apache.org/surefire/maven-surefire-plugin/xsd/surefire-test-report-3.0.xsd" version="3.0" name="com.example.OSTask_MFQSTest" time="0.011" tests="1" errors="0" skipped="0" failures="0">
  <properties>
[...]
</properties>
  <testcase name="testConstructorAndGetName" classname="com.example.OSTask_MFQSTest" time="0.004">
    <system-out><![CDATA[Task: Task B, Data: [0, 1000]
Task: Task A, Data: [0, 5000]
Task: Task E, Data: [0, 500]
Task: Task D, Data: [0, 6000]
Task: Task C, Data: [0, 3000]
]]></system-out>
  </testcase>
</testsuite>