<?xml version="1.0" encoding="UTF-8"?>
<testsuite xmlns:xsi="http://www.w3.org/2001/XMLSchema-instance" xsi:noNamespaceSchemaLocation="https://maven.apache.org/surefire/maven-surefire-plugin/xsd/surefire-test-report-3.0.xsd" version="3.0" name="com.example.OSTaskTest" time="70.163" tests="9" errors="1" skipped="0" failures="0">
  <properties>
    <property name="java.specification.version" value="21"/>
    <property name="sun.jnu.encoding" value="UTF-8"/>
    <property name="java.class.path" value="/home/ab-test-comp/Desktop/class/CSS430-Assignments/test/ostask_unit_test/target/test-classes:/home/ab-test-comp/Desktop/class/CSS430-Assignments/test/ostask_unit_test/target/classes:/home/ab-test-comp/.m2/repository/org/junit/jupiter/junit-jupiter-api/5.9.1/junit-jupiter-api-5.9.1.jar:/home/ab-test-comp/.m2/repository/org/opentest4j/opentest4j/1.2.0/opentest4j-1.2.0.jar:/home/ab-test-comp/.m2/repository/org/junit/platform/junit-platform-commons/1.9.1/junit-platform-commons-1.9.1.jar:/home/ab-test-comp/.m2/repository/org/apiguardian/apiguardian-api/1.1.2/apiguardian-api-1.1.2.jar:/home/ab-test-comp/.m2/repository/org/junit/jupiter/junit-jupiter-engine/5.9.1/junit-jupiter-engine-5.9.1.jar:/home/ab-test-comp/.m2/repository/org/junit/platform/junit-platform-engine/1.9.1/junit-platform-engine-1.9.1.jar:"/>
    <property name="java.vm.vendor" value="BellSoft"/>
    <property name="sun.arch.data.model" value="64"/>
    <property name="java.vendor.url" value="https://bell-sw.com/"/>
    <property name="os.name" value="Linux"/>
    <property name="java.vm.specification.version" value="21"/>
    <property name="sun.java.launcher" value="SUN_STANDARD"/>
    <property name="user.country" value="US"/>
    <property name="sun.boot.library.path" value="/usr/lib/jvm/bellsoft-java21-lite-aarch64/lib"/>
    <property name="sun.java.command" value="/home/ab-test-comp/Desktop/class/CSS430-Assignments/test/ostask_unit_test/target/surefire/surefirebooter-20250213193945082_3.jar /home/ab-test-comp/Desktop/class/CSS430-Assignments/test/ostask_unit_test/target/surefire 2025-02-13T19-39-44_963-jvmRun1 surefire-20250213193945082_1tmp surefire_0-20250213193945082_2tmp"/>
    <property name="jdk.debug" value="release"/>
    <property name="surefire.test.class.path" value="/home/ab-test-comp/Desktop/class/CSS430-Assignments/test/ostask_unit_test/target/test-classes:/home/ab-test-comp/Desktop/class/CSS430-Assignments/test/ostask_unit_test/target/classes:/home/ab-test-comp/.m2/repository/org/junit/jupiter/junit-jupiter-api/5.9.1/junit-jupiter-api-5.9.1.jar:/home/ab-test-comp/.m2/repository/org/opentest4j/opentest4j/1.2.0/opentest4j-1.2.0.jar:/home/ab-test-comp/.m2/repository/org/junit/platform/junit-platform-commons/1.9.1/junit-platform-commons-1.9.1.jar:/home/ab-test-comp/.m2/repository/org/apiguardian/apiguardian-api/1.1.2/apiguardian-api-1.1.2.jar:/home/ab-test-comp/.m2/repository/org/junit/jupiter/junit-jupiter-engine/5.9.1/junit-jupiter-engine-5.9.1.jar:/home/ab-test-comp/.m2/repository/org/junit/platform/junit-platform-engine/1.9.1/junit-platform-engine-1.9.1.jar:"/>
    <property name="sun.cpu.endian" value="little"/>
    <property name="user.home" value="/home/ab-test-comp"/>
    <property name="user.language" value="en"/>
    <property name="java.specification.vendor" value="Oracle Corporation"/>
    <property name="java.version.date" value="2024-10-15"/>
    <property name="java.home" value="/usr/lib/jvm/bellsoft-java21-lite-aarch64"/>
    <property name="file.separator" value="/"/>
    <property name="basedir" value="/home/ab-test-comp/Desktop/class/CSS430-Assignments/test/ostask_unit_test"/>
    <property name="java.vm.compressedOopsMode" value="32-bit"/>
    <property name="line.separator" value="&#10;"/>
    <property name="java.specification.name" value="Java Platform API Specification"/>
    <property name="java.vm.specification.vendor" value="Oracle Corporation"/>
    <property name="surefire.real.class.path" value="/home/ab-test-comp/Desktop/class/CSS430-Assignments/test/ostask_unit_test/target/surefire/surefirebooter-20250213193945082_3.jar"/>
    <property name="sun.management.compiler" value="HotSpot 64-Bit Tiered Compilers"/>
    <property name="java.runtime.version" value="21.0.5+11-LTS"/>
    <property name="user.name" value="ab-test-comp"/>
    <property name="stdout.encoding" value="UTF-8"/>
    <property name="path.separator" value=":"/>
    <property name="os.version" value="6.6.74+rpt-rpi-2712"/>
    <property name="java.runtime.name" value="OpenJDK Runtime Environment"/>
    <property name="file.encoding" value="UTF-8"/>
    <property name="java.util.logging.ConsoleHandler.level" value="INFO"/>
    <property name="java.vm.name" value="OpenJDK 64-Bit Server VM"/>
    <property name="localRepository" value="/home/ab-test-comp/.m2/repository"/>
    <property name="java.vendor.url.bug" value="https://bell-sw.com/support"/>
    <property name="java.io.tmpdir" value="/tmp"/>
    <property name="java.version" value="21.0.5"/>
    <property name="user.dir" value="/home/ab-test-comp/Desktop/class/CSS430-Assignments/test/ostask_unit_test"/>
    <property name="os.arch" value="aarch64"/>
    <property name="java.vm.specification.name" value="Java Virtual Machine Specification"/>
    <property name="native.encoding" value="UTF-8"/>
    <property name="java.library.path" value="/usr/java/packages/lib:/usr/lib64:/lib64:/lib:/usr/lib"/>
    <property name="java.vm.info" value="mixed mode"/>
    <property name="stderr.encoding" value="UTF-8"/>
    <property name="java.vendor" value="BellSoft"/>
    <property name="java.vm.version" value="21.0.5+11-LTS"/>
    <property name="sun.io.unicode.encoding" value="UnicodeLittle"/>
    <property name="java.class.version" value="65.0"/>
  </properties>
  <testcase name="testStartStop" classname="com.example.OSTaskTest" time="0.039">
    <system-out><![CDATA[{ "task": "Test Task", "start": 1739504385814, "duration": 1000}
]]></system-out>
  </testcase>
  <testcase name="testIsTaskAliveBeforeStart" classname="com.example.OSTaskTest" time="0.002"/>
  <testcase name="testIsTaskAliveAfterStart" classname="com.example.OSTaskTest" time="0.012">
    <system-out><![CDATA[{ "task": "Test Task", "start": 1739504385857, "duration": 1000}
]]></system-out>
  </testcase>
  <testcase name="testConstructorAndGetName" classname="com.example.OSTaskTest" time="0.002"/>
  <testcase name="testIsTaskAliveAfterStop" classname="com.example.OSTaskTest" time="0.016">
    <system-out><![CDATA[{ "task": "Test Task", "start": 1739504385875, "duration": 1000}
]]></system-out>
  </testcase>
  <testcase name="testBurstSuspendResume" classname="com.example.OSTaskTest" time="20.026">
    <system-out><![CDATA[Burst Task Started: Burst=10000
Burst Task Suspended: Burst=10000
{ "task": "Burst Task", "start": 1739504385902, "duration": 10000}
Burst Task Resumed: Burst=10000
Burst Task Resumed: Burst=9143
Burst Task Resumed: Burst=8314
Burst Task Resumed: Burst=7481
Burst Task Resumed: Burst=6649
Burst Task Resumed: Burst=5802
Burst Task Resumed: Burst=4952
Burst Task Resumed: Burst=4096
Burst Task Resumed: Burst=3266
Burst Task Resumed: Burst=2440
Burst Task Completed: Burst=1605
]]></system-out>
  </testcase>
  <testcase name="testMultipleConcurrentTaskBurstTimes" classname="com.example.OSTaskTest" time="10.011">
    <error message="testMultipleConcurrentTaskBurstTimes() timed out after 10 seconds" type="java.util.concurrent.TimeoutException"><![CDATA[java.util.concurrent.TimeoutException: testMultipleConcurrentTaskBurstTimes() timed out after 10 seconds
	at org.junit.jupiter.engine.extension.TimeoutExceptionFactory.create(TimeoutExceptionFactory.java:29)
	at org.junit.jupiter.engine.extension.SameThreadTimeoutInvocation.proceed(SameThreadTimeoutInvocation.java:58)
	at org.junit.jupiter.engine.extension.TimeoutExtension.intercept(TimeoutExtension.java:156)
	at org.junit.jupiter.engine.extension.TimeoutExtension.interceptTestableMethod(TimeoutExtension.java:147)
	at org.junit.jupiter.engine.extension.TimeoutExtension.interceptTestMethod(TimeoutExtension.java:86)
	at org.junit.jupiter.engine.execution.InterceptingExecutableInvoker$ReflectiveInterceptorCall.lambda$ofVoidMethod$0(InterceptingExecutableInvoker.java:103)
	at org.junit.jupiter.engine.execution.InterceptingExecutableInvoker.lambda$invoke$0(InterceptingExecutableInvoker.java:93)
	at org.junit.jupiter.engine.execution.InvocationInterceptorChain$InterceptedInvocation.proceed(InvocationInterceptorChain.java:106)
	at org.junit.jupiter.engine.execution.InvocationInterceptorChain.proceed(InvocationInterceptorChain.java:64)
	at org.junit.jupiter.engine.execution.InvocationInterceptorChain.chainAndInvoke(InvocationInterceptorChain.java:45)
	at org.junit.jupiter.engine.execution.InvocationInterceptorChain.invoke(InvocationInterceptorChain.java:37)
	at org.junit.jupiter.engine.execution.InterceptingExecutableInvoker.invoke(InterceptingExecutableInvoker.java:92)
	at org.junit.jupiter.engine.execution.InterceptingExecutableInvoker.invoke(InterceptingExecutableInvoker.java:86)
	at org.junit.jupiter.engine.descriptor.TestMethodTestDescriptor.lambda$invokeTestMethod$7(TestMethodTestDescriptor.java:217)
	at org.junit.platform.engine.support.hierarchical.ThrowableCollector.execute(ThrowableCollector.java:73)
	at org.junit.jupiter.engine.descriptor.TestMethodTestDescriptor.invokeTestMethod(TestMethodTestDescriptor.java:213)
	at org.junit.jupiter.engine.descriptor.TestMethodTestDescriptor.execute(TestMethodTestDescriptor.java:138)
	at org.junit.jupiter.engine.descriptor.TestMethodTestDescriptor.execute(TestMethodTestDescriptor.java:68)
	at org.junit.platform.engine.support.hierarchical.NodeTestTask.lambda$executeRecursively$6(NodeTestTask.java:151)
	at org.junit.platform.engine.support.hierarchical.ThrowableCollector.execute(ThrowableCollector.java:73)
	at org.junit.platform.engine.support.hierarchical.NodeTestTask.lambda$executeRecursively$8(NodeTestTask.java:141)
	at org.junit.platform.engine.support.hierarchical.Node.around(Node.java:137)
	at org.junit.platform.engine.support.hierarchical.NodeTestTask.lambda$executeRecursively$9(NodeTestTask.java:139)
	at org.junit.platform.engine.support.hierarchical.ThrowableCollector.execute(ThrowableCollector.java:73)
	at org.junit.platform.engine.support.hierarchical.NodeTestTask.executeRecursively(NodeTestTask.java:138)
	at org.junit.platform.engine.support.hierarchical.NodeTestTask.execute(NodeTestTask.java:95)
	at java.base/java.util.ArrayList.forEach(ArrayList.java:1596)
	at org.junit.platform.engine.support.hierarchical.SameThreadHierarchicalTestExecutorService.invokeAll(SameThreadHierarchicalTestExecutorService.java:41)
	at org.junit.platform.engine.support.hierarchical.NodeTestTask.lambda$executeRecursively$6(NodeTestTask.java:155)
	at org.junit.platform.engine.support.hierarchical.ThrowableCollector.execute(ThrowableCollector.java:73)
	at org.junit.platform.engine.support.hierarchical.NodeTestTask.lambda$executeRecursively$8(NodeTestTask.java:141)
	at org.junit.platform.engine.support.hierarchical.Node.around(Node.java:137)
	at org.junit.platform.engine.support.hierarchical.NodeTestTask.lambda$executeRecursively$9(NodeTestTask.java:139)
	at org.junit.platform.engine.support.hierarchical.ThrowableCollector.execute(ThrowableCollector.java:73)
	at org.junit.platform.engine.support.hierarchical.NodeTestTask.executeRecursively(NodeTestTask.java:138)
	at org.junit.platform.engine.support.hierarchical.NodeTestTask.execute(NodeTestTask.java:95)
	at java.base/java.util.ArrayList.forEach(ArrayList.java:1596)
	at org.junit.platform.engine.support.hierarchical.SameThreadHierarchicalTestExecutorService.invokeAll(SameThreadHierarchicalTestExecutorService.java:41)
	at org.junit.platform.engine.support.hierarchical.NodeTestTask.lambda$executeRecursively$6(NodeTestTask.java:155)
	at org.junit.platform.engine.support.hierarchical.ThrowableCollector.execute(ThrowableCollector.java:73)
	at org.junit.platform.engine.support.hierarchical.NodeTestTask.lambda$executeRecursively$8(NodeTestTask.java:141)
	at org.junit.platform.engine.support.hierarchical.Node.around(Node.java:137)
	at org.junit.platform.engine.support.hierarchical.NodeTestTask.lambda$executeRecursively$9(NodeTestTask.java:139)
	at org.junit.platform.engine.support.hierarchical.ThrowableCollector.execute(ThrowableCollector.java:73)
	at org.junit.platform.engine.support.hierarchical.NodeTestTask.executeRecursively(NodeTestTask.java:138)
	at org.junit.platform.engine.support.hierarchical.NodeTestTask.execute(NodeTestTask.java:95)
	at org.junit.platform.engine.support.hierarchical.SameThreadHierarchicalTestExecutorService.submit(SameThreadHierarchicalTestExecutorService.java:35)
	at org.junit.platform.engine.support.hierarchical.HierarchicalTestExecutor.execute(HierarchicalTestExecutor.java:57)
	at org.junit.platform.engine.support.hierarchical.HierarchicalTestEngine.execute(HierarchicalTestEngine.java:54)
	at org.junit.platform.launcher.core.EngineExecutionOrchestrator.execute(EngineExecutionOrchestrator.java:147)
	at org.junit.platform.launcher.core.EngineExecutionOrchestrator.execute(EngineExecutionOrchestrator.java:127)
	at org.junit.platform.launcher.core.EngineExecutionOrchestrator.execute(EngineExecutionOrchestrator.java:90)
	at org.junit.platform.launcher.core.EngineExecutionOrchestrator.lambda$execute$0(EngineExecutionOrchestrator.java:55)
	at org.junit.platform.launcher.core.EngineExecutionOrchestrator.withInterceptedStreams(EngineExecutionOrchestrator.java:102)
	at org.junit.platform.launcher.core.EngineExecutionOrchestrator.execute(EngineExecutionOrchestrator.java:54)
	at org.junit.platform.launcher.core.DefaultLauncher.execute(DefaultLauncher.java:114)
	at org.junit.platform.launcher.core.DefaultLauncher.execute(DefaultLauncher.java:86)
	at org.junit.platform.launcher.core.DefaultLauncherSession$DelegatingLauncher.execute(DefaultLauncherSession.java:86)
	at org.apache.maven.surefire.junitplatform.LazyLauncher.execute(LazyLauncher.java:56)
	at org.apache.maven.surefire.junitplatform.JUnitPlatformProvider.execute(JUnitPlatformProvider.java:184)
	at org.apache.maven.surefire.junitplatform.JUnitPlatformProvider.invokeAllTests(JUnitPlatformProvider.java:148)
	at org.apache.maven.surefire.junitplatform.JUnitPlatformProvider.invoke(JUnitPlatformProvider.java:122)
	at org.apache.maven.surefire.booter.ForkedBooter.runSuitesInProcess(ForkedBooter.java:385)
	at org.apache.maven.surefire.booter.ForkedBooter.execute(ForkedBooter.java:162)
	at org.apache.maven.surefire.booter.ForkedBooter.run(ForkedBooter.java:507)
	at org.apache.maven.surefire.booter.ForkedBooter.main(ForkedBooter.java:495)
	Suppressed: java.lang.InterruptedException
		at java.base/java.lang.Object.wait0(Native Method)
		at java.base/java.lang.Object.wait(Object.java:366)
		at java.base/java.lang.Thread.join(Thread.java:2073)
		at com.example.OSTask.join(OSTask.java:53)
		at com.example.OSTaskTest.testMultipleConcurrentTaskBurstTimes(OSTaskTest.java:182)
		at java.base/jdk.internal.reflect.DirectMethodHandleAccessor.invoke(DirectMethodHandleAccessor.java:103)
		at java.base/java.lang.reflect.Method.invoke(Method.java:580)
		at org.junit.platform.commons.util.ReflectionUtils.invokeMethod(ReflectionUtils.java:727)
		at org.junit.jupiter.engine.execution.MethodInvocation.proceed(MethodInvocation.java:60)
		at org.junit.jupiter.engine.execution.InvocationInterceptorChain$ValidatingInvocation.proceed(InvocationInterceptorChain.java:131)
		at org.junit.jupiter.engine.extension.SameThreadTimeoutInvocation.proceed(SameThreadTimeoutInvocation.java:45)
		... 64 more
]]></error>
    <system-out><![CDATA[{ "task": "Task 2", "start": 1739504405930, "duration": 1000}
{ "task": "Task 1", "start": 1739504405930, "duration": 500}
{ "task": "Task 3", "start": 1739504405930, "duration": 2000}
{ "task": "Task 4", "start": 1739504405935, "duration": 4000}
]]></system-out>
  </testcase>
  <testcase name="testSuspendResume" classname="com.example.OSTaskTest" time="0.012">
    <system-out><![CDATA[{ "task": "Test Task", "start": 1739504415937, "duration": 1000}
]]></system-out>
  </testcase>
  <testcase name="testPingPongSuspendResume" classname="com.example.OSTaskTest" time="40.018">
    <system-out><![CDATA[{ "task": "Ping Task", "start": 1739504415951, "duration": 10000}
{ "task": "Pong Task", "start": 1739504415951, "duration": 10000}
Ping Task Resumed: Burst=10000
Ping Task Suspended: Burst=9165
Pong Task Resumed: Burst=10000
Pong Task Suspended: Burst=9180
Ping Task Resumed: Burst=9165
Ping Task Suspended: Burst=8337
Pong Task Resumed: Burst=9180
Pong Task Suspended: Burst=8396
Ping Task Resumed: Burst=8337
Ping Task Suspended: Burst=7488
Pong Task Resumed: Burst=8396
Pong Task Suspended: Burst=7554
Ping Task Resumed: Burst=7488
Ping Task Suspended: Burst=6657
Pong Task Resumed: Burst=7554
Pong Task Suspended: Burst=6755
Ping Task Resumed: Burst=6657
Ping Task Suspended: Burst=5811
Pong Task Resumed: Burst=6755
Pong Task Suspended: Burst=5916
Ping Task Resumed: Burst=5811
Ping Task Suspended: Burst=4959
Pong Task Resumed: Burst=5916
Pong Task Suspended: Burst=5112
Ping Task Resumed: Burst=4959
Ping Task Suspended: Burst=4112
Pong Task Resumed: Burst=5112
Pong Task Suspended: Burst=4252
Ping Task Resumed: Burst=4112
Ping Task Suspended: Burst=3313
Pong Task Resumed: Burst=4252
Pong Task Suspended: Burst=3382
Ping Task Resumed: Burst=3313
Ping Task Suspended: Burst=2496
Pong Task Resumed: Burst=3382
Pong Task Suspended: Burst=2573
Ping Task Resumed: Burst=2496
Ping Task Suspended: Burst=1632
Pong Task Resumed: Burst=2573
Pong Task Suspended: Burst=1766
]]></system-out>
  </testcase>
</testsuite>