<?xml version="1.0" encoding="UTF-8"?>
<testsuite xmlns:xsi="http://www.w3.org/2001/XMLSchema-instance" xsi:noNamespaceSchemaLocation="https://maven.apache.org/surefire/maven-surefire-plugin/xsd/surefire-test-report-3.0.xsd" version="3.0" name="com.example.OSTask_RRTest" time="40.548" tests="2" errors="0" skipped="0" failures="0">
  <properties>
[...]
</properties>
  <testcase name="testConstructorAndGetName" classname="com.example.OSTask_RRTest" time="0.044">
    <system-out><![CDATA[Task: Task B, Data: [0, 1000]
Task: Task A, Data: [0, 5000]
Task: Task E, Data: [0, 500]
Task: Task D, Data: [0, 6000]
Task: Task C, Data: [0, 3000]
]]></system-out>
  </testcase>
  <testcase name="testRRScheduler" classname="com.example.OSTask_RRTest" time="40.466">
    <system-out><![CDATA[Task: Task A, Initial Burst: 5000
Task: Task B, Initial Burst: 2000
Task: Task C, Initial Burst: 4000
Task: Task D, Initial Burst: 3000
Task: Task E, Initial Burst: 1000
Task A executing.
{ "task": "Task B", "start": 1739944794490, "duration": 2000}
{ "task": "Task C", "start": 1739944794491, "duration": 4000}
{ "task": "Task A", "start": 1739944794490, "duration": 5000}
{ "task": "Task D", "start": 1739944794491, "duration": 3000}
{ "task": "Task E", "start": 1739944794493, "duration": 1000}
Task B executing.
Task C executing.
Task D executing.
Task E executing.
Task A executing.
Task B executing.
Task C executing.
Task D executing.
Task E executing.
Task A executing.
Task B executing.
Task C executing.
Task D executing.
Task E executing.
Task E finished.
    Submission Time: 0.0 ms
    Response Time: 4409.0 ms
    TAT: 15724.0 ms
    Execution Time: 2312.0 ms
Task A executing.
Task B executing.
Task C executing.
Task D executing.
Task A executing.
Task B executing.
Task B finished.
    Submission Time: 0.0 ms
    Response Time: 1111.0 ms
    TAT: 22209.0 ms
    Execution Time: 4979.0 ms
Task C executing.
Task D executing.
Task A executing.
Task C executing.
Task D executing.
Task A executing.
Task C executing.
Task D executing.
Task A executing.
Task C executing.
Task D executing.
Task D finished.
    Submission Time: 0.0 ms
    Response Time: 3310.0 ms
    TAT: 33428.0 ms
    Execution Time: 7220.0 ms
Task A executing.
Task C executing.
Task A executing.
Task C executing.
Task A executing.
Task C executing.
Task C finished.
    Submission Time: 0.0 ms
    Response Time: 2210.0 ms
    TAT: 39160.0 ms
    Execution Time: 10233.0 ms
Task A executing.
Task A executing.
Task A finished.
    Submission Time: 0.0 ms
    Response Time: 10.0 ms
    TAT: 40453.0 ms
    Execution Time: 12195.0 ms
]]></system-out>
  </testcase>
</testsuite>